<?xml version="1.0" encoding="UTF-8"?>
<!-- Generated by org.testng.reporters.JUnitReportReporter -->
<testsuite hostname="TTNPL-rupinderkaur" failures="0" tests="1" name="sel3.Question4" time="0.280" errors="0" timestamp="2022-10-30T09:59:21 IST" skipped="0">
  <testcase classname="sel3.Question4" name="TTN_scroll_method3" time="0.280"/>
  <system-out/>
</testsuite> <!-- sel3.Question4 -->
