<?xml version="1.0" encoding="UTF-8"?>
<!-- Generated by org.testng.reporters.JUnitReportReporter -->
<testsuite hostname="TTNPL-rupinderkaur" failures="0" tests="1" name="sel3.Question3" time="1.862" errors="0" timestamp="2022-10-30T09:45:22 IST" skipped="0">
  <testcase classname="sel3.Question3" name="Automate_travel" time="1.862"/>
  <system-out/>
</testsuite> <!-- sel3.Question3 -->
