<?xml version="1.0" encoding="UTF-8"?>
<!-- Generated by org.testng.reporters.JUnitReportReporter -->
<testsuite hostname="TTNPL-rupinderkaur" failures="0" tests="4" name="sel3.Question1" time="11.166" errors="0" timestamp="2022-10-30T00:25:59 IST" skipped="0">
  <testcase classname="sel3.Question1" name="FillTextBox" time="5.719"/>
  <system-out/>
  <testcase classname="sel3.Question1" name="HandleRadioAndCheckbox" time="1.344"/>
  <system-out/>
  <testcase classname="sel3.Question1" name="HandleDropdowns" time="3.504"/>
  <system-out/>
  <testcase classname="sel3.Question1" name="Submit" time="0.599"/>
  <system-out/>
</testsuite> <!-- sel3.Question1 -->
